[2026-02-25T16:46:11+00:00][run.sh][INFO] Run log initialized: /home/dhy/PhD/SJS-2D-RUN-26.2.26/log/run_exp2_sjs_adv_d2_20260225_164611_pid1422075.log
[2026-02-25T16:46:11+00:00][run.sh][INFO] Repo root  : /home/dhy/PhD/SJS-2D-RUN-26.2.26
[2026-02-25T16:46:11+00:00][run.sh][INFO] Build type : Release
[2026-02-25T16:46:11+00:00][run.sh][INFO] Build dir  : /home/dhy/PhD/SJS-2D-RUN-26.2.26/build/release
[2026-02-25T16:46:11+00:00][run.sh][INFO] Temp dir   : /home/dhy/PhD/SJS-2D-RUN-26.2.26/run/temp/exp2_sjs_adv_d2
[2026-02-25T16:46:11+00:00][run.sh][INFO] Results dir: /home/dhy/PhD/SJS-2D-RUN-26.2.26/results/raw/exp2_sjs_adv_d2
[2026-02-25T16:46:11+00:00][run.sh][INFO] Configuring CMake...
-- The CXX compiler identification is GNU 9.4.0
-- Detecting CXX compiler ABI info
-- Detecting CXX compiler ABI info - done
-- Check for working CXX compiler: /usr/bin/c++ - skipped
-- Detecting CXX compile features
-- Detecting CXX compile features - done
-- Performing Test CMAKE_HAVE_LIBC_PTHREAD
-- Performing Test CMAKE_HAVE_LIBC_PTHREAD - Failed
-- Looking for pthread_create in pthreads
-- Looking for pthread_create in pthreads - not found
-- Looking for pthread_create in pthread
-- Looking for pthread_create in pthread - found
-- Found Threads: TRUE
-- Configuring done (0.5s)
-- Generating done (0.0s)
-- Build files have been written to: /home/dhy/PhD/SJS-2D-RUN-26.2.26/build/release
[2026-02-25T16:46:11+00:00][run.sh][INFO] Building... (JOBS=16)
[  2%] Building CXX object src/CMakeFiles/sjs.dir/baselines/baseline_factory_2d.cpp.o
[  4%] Building CXX object src/CMakeFiles/sjs.dir/baselines/range_tree/sampling.cpp.o
[  6%] Building CXX object src/CMakeFiles/sjs.dir/baselines/range_tree/adaptive.cpp.o
[ 11%] Building CXX object src/CMakeFiles/sjs.dir/baselines/ours/sampling.cpp.o
[ 11%] Building CXX object src/CMakeFiles/sjs.dir/baselines/ours/adaptive.cpp.o
[ 13%] Building CXX object src/CMakeFiles/sjs.dir/baselines/baseline_names.cpp.o
[ 20%] Building CXX object src/CMakeFiles/sjs.dir/baselines/runners/instantiations_2d.cpp.o
[ 20%] Building CXX object src/CMakeFiles/sjs.dir/data/instantiations_2d.cpp.o
[ 20%] Building CXX object src/CMakeFiles/sjs.dir/baselines/ours/enum_sampling.cpp.o
[ 25%] Building CXX object src/CMakeFiles/sjs.dir/data/synthetic/instantiations_2d.cpp.o
[ 25%] Building CXX object src/CMakeFiles/sjs.dir/data/synthetic/generator_factory_2d.cpp.o
[ 27%] Building CXX object src/CMakeFiles/sjs.dir/core/instantiations_2d.cpp.o
[ 30%] Building CXX object src/CMakeFiles/sjs.dir/baselines/range_tree/enum_sampling.cpp.o
[ 32%] Building CXX object src/CMakeFiles/sjs.dir/io/realdata_stub.cpp.o
[ 34%] Building CXX object src/CMakeFiles/sjs.dir/geometry/instantiations_2d.cpp.o
[ 37%] Building CXX object src/CMakeFiles/sjs.dir/io/load_dataset_2d.cpp.o
[ 39%] Building CXX object src/CMakeFiles/sjs.dir/io/write_results.cpp.o
[ 41%] Building CXX object src/CMakeFiles/sjs.dir/join/build_events_2d.cpp.o
[ 44%] Building CXX object src/CMakeFiles/sjs.dir/join/instantiations_2d.cpp.o
[ 46%] Building CXX object src/CMakeFiles/sjs.dir/join/oracle_2d.cpp.o
[ 48%] Building CXX object src/CMakeFiles/sjs.dir/sampling/instantiations_2d.cpp.o
[ 51%] Building CXX object src/CMakeFiles/sjs.dir/sampling/quality_checks.cpp.o
[ 53%] Linking CXX static library libsjs.a
[ 53%] Built target sjs
[ 55%] Building CXX object CMakeFiles/sjs_gen_dataset.dir/apps/sjs_gen_dataset.cpp.o
[ 58%] Building CXX object CMakeFiles/sjs_sweep.dir/apps/sjs_sweep.cpp.o
[ 60%] Building CXX object tests/CMakeFiles/sjs_test_write_results.dir/test_write_results.cpp.o
[ 65%] Building CXX object tests/CMakeFiles/sjs_test_geometry.dir/test_geometry.cpp.o
[ 65%] Building CXX object tests/CMakeFiles/sjs_test_sampling_quality.dir/test_sampling_quality.cpp.o
[ 67%] Building CXX object CMakeFiles/sjs_verify.dir/apps/sjs_verify.cpp.o
[ 69%] Building CXX object tests/CMakeFiles/sjs_test_join_oracle.dir/test_join_oracle.cpp.o
[ 72%] Building CXX object CMakeFiles/sjs_run.dir/apps/sjs_run.cpp.o
[ 76%] Building CXX object tests/CMakeFiles/sjs_test_baselines_smoke.dir/test_baselines_smoke.cpp.o
[ 76%] Building CXX object tests/CMakeFiles/sjs_test_event_sweep.dir/test_event_sweep.cpp.o
[ 79%] Linking CXX executable sjs_test_geometry
[ 79%] Built target sjs_test_geometry
[ 81%] Linking CXX executable sjs_test_event_sweep
[ 83%] Linking CXX executable sjs_test_write_results
[ 83%] Built target sjs_test_event_sweep
[ 86%] Linking CXX executable sjs_test_sampling_quality
[ 86%] Built target sjs_test_write_results
[ 86%] Built target sjs_test_sampling_quality
[ 88%] Linking CXX executable sjs_test_join_oracle
[ 88%] Built target sjs_test_join_oracle
[ 90%] Linking CXX executable sjs_test_baselines_smoke
[ 90%] Built target sjs_test_baselines_smoke
[ 93%] Linking CXX executable sjs_gen_dataset
[ 93%] Built target sjs_gen_dataset
[ 95%] Linking CXX executable sjs_verify
[ 95%] Built target sjs_verify
[ 97%] Linking CXX executable sjs_run
[ 97%] Built target sjs_run
[100%] Linking CXX executable sjs_sweep
[100%] Built target sjs_sweep
[2026-02-25T16:46:21+00:00][run.sh][INFO] Using sjs_run        : /home/dhy/PhD/SJS-2D-RUN-26.2.26/build/release/sjs_run
[2026-02-25T16:46:21+00:00][run.sh][INFO] Using sjs_gen_dataset: /home/dhy/PhD/SJS-2D-RUN-26.2.26/build/release/sjs_gen_dataset
[2026-02-25T16:46:21+00:00][run.sh][INFO] Host: nproc=128, mem~1008GB
[2026-02-25T16:46:21+00:00][run.sh][INFO] Parallelism: max=8 (A=8, B_small=2, B_large=1, C_small=3, C_large=1, D=8, E=8, F=1)
[2026-02-25T16:46:21+00:00][run.sh][INFO] Auto-parallel knobs: cap=8, mem_per_task_gb=24, mem_reserve_gb=8
[2026-02-25T16:46:21+00:00][run.sh][INFO] Run signature: 1879014954-915
[2026-02-25T16:46:21+00:00][run.sh][INFO] Rectgen preset scripts:
[2026-02-25T16:46:21+00:00][run.sh][INFO]   F0: /home/dhy/PhD/SJS-2D-RUN-26.2.26/run/temp/exp2_sjs_adv_d2/rectgen_presets/alacarte_rectgen_F0.py
[2026-02-25T16:46:21+00:00][run.sh][INFO]   F1: /home/dhy/PhD/SJS-2D-RUN-26.2.26/run/temp/exp2_sjs_adv_d2/rectgen_presets/alacarte_rectgen_F1.py
[2026-02-25T16:46:21+00:00][run.sh][INFO] Generating task manifests...
[2026-02-25T16:46:22+00:00][run.sh][INFO] Task counts: A=126, B_small=28, B_large=14, C_small=21, C_large=28, D=14, E=98, F=15 (total=344)
[2026-02-25T16:46:22+00:00][run.sh][INFO] Pre-generating datasets (unique count=27)...
[2026-02-25T16:46:22+00:00][run.sh][INFO] [dataset] Generating d2_F0_n1000000_a0p1_gs1 (fam=F0 N=1000000 alpha=0.1)
[2026-02-25T16:46:23+00:00][run.sh][INFO] [dataset] Generating d2_F1_n1000000_a0p1_gs1 (fam=F1 N=1000000 alpha=0.1)
[2026-02-25T16:46:25+00:00][run.sh][INFO] [dataset] Generating d2_F0_n1000000_a0p3_gs1 (fam=F0 N=1000000 alpha=0.3)
[2026-02-25T16:46:25+00:00][run.sh][INFO] [dataset] Generating d2_F1_n1000000_a0p3_gs1 (fam=F1 N=1000000 alpha=0.3)
[2026-02-25T16:46:27+00:00][run.sh][INFO] [dataset] Generating d2_F0_n1000000_a1_gs1 (fam=F0 N=1000000 alpha=1)
[2026-02-25T16:46:27+00:00][run.sh][INFO] [dataset] Generating d2_F1_n1000000_a1_gs1 (fam=F1 N=1000000 alpha=1)
[2026-02-25T16:46:29+00:00][run.sh][INFO] [dataset] Generating d2_F0_n1000000_a3_gs1 (fam=F0 N=1000000 alpha=3)
[2026-02-25T16:46:29+00:00][run.sh][INFO] [dataset] Generating d2_F1_n1000000_a3_gs1 (fam=F1 N=1000000 alpha=3)
[2026-02-25T16:46:31+00:00][run.sh][INFO] [dataset] Generating d2_F0_n1000000_a10_gs1 (fam=F0 N=1000000 alpha=10)
[2026-02-25T16:46:31+00:00][run.sh][INFO] [dataset] Generating d2_F1_n1000000_a10_gs1 (fam=F1 N=1000000 alpha=10)
[2026-02-25T16:46:33+00:00][run.sh][INFO] [dataset] Generating d2_F0_n1000000_a30_gs1 (fam=F0 N=1000000 alpha=30)
[2026-02-25T16:46:34+00:00][run.sh][INFO] [dataset] Generating d2_F1_n1000000_a30_gs1 (fam=F1 N=1000000 alpha=30)
[2026-02-25T16:46:35+00:00][run.sh][INFO] [dataset] Generating d2_F0_n1000000_a100_gs1 (fam=F0 N=1000000 alpha=100)
[2026-02-25T16:46:36+00:00][run.sh][INFO] [dataset] Generating d2_F1_n1000000_a100_gs1 (fam=F1 N=1000000 alpha=100)
[2026-02-25T16:46:37+00:00][run.sh][INFO] [dataset] Generating d2_F0_n1000000_a300_gs1 (fam=F0 N=1000000 alpha=300)
[2026-02-25T16:46:38+00:00][run.sh][INFO] [dataset] Generating d2_F1_n1000000_a300_gs1 (fam=F1 N=1000000 alpha=300)
[2026-02-25T16:46:39+00:00][run.sh][INFO] [dataset] Generating d2_F0_n1000000_a1000_gs1 (fam=F0 N=1000000 alpha=1000)
[2026-02-25T16:46:40+00:00][run.sh][INFO] [dataset] Generating d2_F1_n1000000_a1000_gs1 (fam=F1 N=1000000 alpha=1000)
[2026-02-25T16:46:41+00:00][run.sh][INFO] [dataset] Generating d2_F0_n100000_a200_gs1 (fam=F0 N=100000 alpha=200)
[2026-02-25T16:46:42+00:00][run.sh][INFO] [dataset] Generating d2_F0_n200000_a200_gs1 (fam=F0 N=200000 alpha=200)
[2026-02-25T16:46:42+00:00][run.sh][INFO] [dataset] Generating d2_F0_n500000_a200_gs1 (fam=F0 N=500000 alpha=200)
[2026-02-25T16:46:43+00:00][run.sh][INFO] [dataset] Generating d2_F0_n1000000_a200_gs1 (fam=F0 N=1000000 alpha=200)
[2026-02-25T16:46:43+00:00][run.sh][INFO] [dataset] Generating d2_F0_n2000000_a200_gs1 (fam=F0 N=2000000 alpha=200)
[2026-02-25T16:46:45+00:00][run.sh][INFO] [dataset] Generating d2_F0_n5000000_a200_gs1 (fam=F0 N=5000000 alpha=200)
[2026-02-25T16:46:48+00:00][run.sh][INFO] [dataset] Generating d2_F1_n1000000_a200_gs1 (fam=F1 N=1000000 alpha=200)
[2026-02-25T16:46:49+00:00][run.sh][INFO] [dataset] Generating d2_F0_n1000000_a3000_gs1 (fam=F0 N=1000000 alpha=3000)
[2026-02-25T16:46:50+00:00][run.sh][INFO] [dataset] Generating d2_F0_n1000000_a10000_gs1 (fam=F0 N=1000000 alpha=10000)
[2026-02-25T16:46:51+00:00][run.sh][INFO] All datasets are ready.
[2026-02-25T16:46:51+00:00][run.sh][INFO] Running tasks: tasks_A_alpha.tsv (attempt=0, parallel=8, force=0)
[2026-02-25T17:20:15+00:00][run.sh][INFO] A_alpha: all tasks OK
[2026-02-25T17:20:15+00:00][run.sh][INFO] Running tasks: tasks_B_N_small.tsv (attempt=0, parallel=2, force=0)
[2026-02-25T17:32:36+00:00][run.sh][INFO] B_N_small: all tasks OK
[2026-02-25T17:32:36+00:00][run.sh][INFO] Running tasks: tasks_B_N_large.tsv (attempt=0, parallel=1, force=0)
[2026-02-25T19:38:31+00:00][run.sh][INFO] B_N_large: all tasks OK
[2026-02-25T19:38:31+00:00][run.sh][INFO] Running tasks: tasks_C_t_small.tsv (attempt=0, parallel=3, force=0)
[2026-02-25T19:51:22+00:00][run.sh][INFO] C_t_small: all tasks OK
[2026-02-25T19:51:22+00:00][run.sh][INFO] Running tasks: tasks_C_t_large.tsv (attempt=0, parallel=1, force=0)
[2026-02-25T21:52:05+00:00][run.sh][INFO] C_t_large: all tasks OK
[2026-02-25T21:52:05+00:00][run.sh][INFO] Running tasks: tasks_D_family.tsv (attempt=0, parallel=8, force=0)
[2026-02-25T21:57:52+00:00][run.sh][INFO] D_family: all tasks OK
[2026-02-25T21:57:52+00:00][run.sh][INFO] Running tasks: tasks_E_budget.tsv (attempt=0, parallel=8, force=0)
[2026-02-25T22:20:38+00:00][run.sh][INFO] E_budget: all tasks OK
[2026-02-25T22:20:38+00:00][run.sh][INFO] Running tasks: tasks_F_high_alpha.tsv (attempt=0, parallel=1, force=0)
[2026-02-25T22:51:47+00:00][run.sh][INFO] F_high_alpha: all tasks OK
